Determining if the Q_WS_WIN exist failed with the following output:
Change Dir: /home/hong/catkin_ws/src/radar_localization/Thirdparty/openslam_flirtlib/build/CMakeFiles/CMakeTmp

Run Build Command:"/usr/bin/make" "cmTC_2de94/fast"
/usr/bin/make -f CMakeFiles/cmTC_2de94.dir/build.make CMakeFiles/cmTC_2de94.dir/build
make[1]: Entering directory '/home/hong/catkin_ws/src/radar_localization/Thirdparty/openslam_flirtlib/build/CMakeFiles/CMakeTmp'
Building CXX object CMakeFiles/cmTC_2de94.dir/CheckSymbolExists.cxx.o
/usr/bin/c++    -I/usr/include/qt4   -o CMakeFiles/cmTC_2de94.dir/CheckSymbolExists.cxx.o -c /home/hong/catkin_ws/src/radar_localization/Thirdparty/openslam_flirtlib/build/CMakeFiles/CMakeTmp/CheckSymbolExists.cxx
/home/hong/catkin_ws/src/radar_localization/Thirdparty/openslam_flirtlib/build/CMakeFiles/CMakeTmp/CheckSymbolExists.cxx: In function ‘int main(int, char**)’:
/home/hong/catkin_ws/src/radar_localization/Thirdparty/openslam_flirtlib/build/CMakeFiles/CMakeTmp/CheckSymbolExists.cxx:8:19: error: ‘Q_WS_WIN’ was not declared in this scope
   return ((int*)(&Q_WS_WIN))[argc];
                   ^
CMakeFiles/cmTC_2de94.dir/build.make:65: recipe for target 'CMakeFiles/cmTC_2de94.dir/CheckSymbolExists.cxx.o' failed
make[1]: *** [CMakeFiles/cmTC_2de94.dir/CheckSymbolExists.cxx.o] Error 1
make[1]: Leaving directory '/home/hong/catkin_ws/src/radar_localization/Thirdparty/openslam_flirtlib/build/CMakeFiles/CMakeTmp'
Makefile:126: recipe for target 'cmTC_2de94/fast' failed
make: *** [cmTC_2de94/fast] Error 2

File /home/hong/catkin_ws/src/radar_localization/Thirdparty/openslam_flirtlib/build/CMakeFiles/CMakeTmp/CheckSymbolExists.cxx:
/* */
#include <QtCore/qglobal.h>

int main(int argc, char** argv)
{
  (void)argv;
#ifndef Q_WS_WIN
  return ((int*)(&Q_WS_WIN))[argc];
#else
  (void)argc;
  return 0;
#endif
}

Determining if the Q_WS_QWS exist failed with the following output:
Change Dir: /home/hong/catkin_ws/src/radar_localization/Thirdparty/openslam_flirtlib/build/CMakeFiles/CMakeTmp

Run Build Command:"/usr/bin/make" "cmTC_15c01/fast"
/usr/bin/make -f CMakeFiles/cmTC_15c01.dir/build.make CMakeFiles/cmTC_15c01.dir/build
make[1]: Entering directory '/home/hong/catkin_ws/src/radar_localization/Thirdparty/openslam_flirtlib/build/CMakeFiles/CMakeTmp'
Building CXX object CMakeFiles/cmTC_15c01.dir/CheckSymbolExists.cxx.o
/usr/bin/c++    -I/usr/include/qt4   -o CMakeFiles/cmTC_15c01.dir/CheckSymbolExists.cxx.o -c /home/hong/catkin_ws/src/radar_localization/Thirdparty/openslam_flirtlib/build/CMakeFiles/CMakeTmp/CheckSymbolExists.cxx
/home/hong/catkin_ws/src/radar_localization/Thirdparty/openslam_flirtlib/build/CMakeFiles/CMakeTmp/CheckSymbolExists.cxx: In function ‘int main(int, char**)’:
/home/hong/catkin_ws/src/radar_localization/Thirdparty/openslam_flirtlib/build/CMakeFiles/CMakeTmp/CheckSymbolExists.cxx:8:19: error: ‘Q_WS_QWS’ was not declared in this scope
   return ((int*)(&Q_WS_QWS))[argc];
                   ^
CMakeFiles/cmTC_15c01.dir/build.make:65: recipe for target 'CMakeFiles/cmTC_15c01.dir/CheckSymbolExists.cxx.o' failed
make[1]: *** [CMakeFiles/cmTC_15c01.dir/CheckSymbolExists.cxx.o] Error 1
make[1]: Leaving directory '/home/hong/catkin_ws/src/radar_localization/Thirdparty/openslam_flirtlib/build/CMakeFiles/CMakeTmp'
Makefile:126: recipe for target 'cmTC_15c01/fast' failed
make: *** [cmTC_15c01/fast] Error 2

File /home/hong/catkin_ws/src/radar_localization/Thirdparty/openslam_flirtlib/build/CMakeFiles/CMakeTmp/CheckSymbolExists.cxx:
/* */
#include <QtCore/qglobal.h>

int main(int argc, char** argv)
{
  (void)argv;
#ifndef Q_WS_QWS
  return ((int*)(&Q_WS_QWS))[argc];
#else
  (void)argc;
  return 0;
#endif
}

Determining if the Q_WS_MAC exist failed with the following output:
Change Dir: /home/hong/catkin_ws/src/radar_localization/Thirdparty/openslam_flirtlib/build/CMakeFiles/CMakeTmp

Run Build Command:"/usr/bin/make" "cmTC_5227b/fast"
/usr/bin/make -f CMakeFiles/cmTC_5227b.dir/build.make CMakeFiles/cmTC_5227b.dir/build
make[1]: Entering directory '/home/hong/catkin_ws/src/radar_localization/Thirdparty/openslam_flirtlib/build/CMakeFiles/CMakeTmp'
Building CXX object CMakeFiles/cmTC_5227b.dir/CheckSymbolExists.cxx.o
/usr/bin/c++    -I/usr/include/qt4   -o CMakeFiles/cmTC_5227b.dir/CheckSymbolExists.cxx.o -c /home/hong/catkin_ws/src/radar_localization/Thirdparty/openslam_flirtlib/build/CMakeFiles/CMakeTmp/CheckSymbolExists.cxx
/home/hong/catkin_ws/src/radar_localization/Thirdparty/openslam_flirtlib/build/CMakeFiles/CMakeTmp/CheckSymbolExists.cxx: In function ‘int main(int, char**)’:
/home/hong/catkin_ws/src/radar_localization/Thirdparty/openslam_flirtlib/build/CMakeFiles/CMakeTmp/CheckSymbolExists.cxx:8:19: error: ‘Q_WS_MAC’ was not declared in this scope
   return ((int*)(&Q_WS_MAC))[argc];
                   ^
CMakeFiles/cmTC_5227b.dir/build.make:65: recipe for target 'CMakeFiles/cmTC_5227b.dir/CheckSymbolExists.cxx.o' failed
make[1]: *** [CMakeFiles/cmTC_5227b.dir/CheckSymbolExists.cxx.o] Error 1
make[1]: Leaving directory '/home/hong/catkin_ws/src/radar_localization/Thirdparty/openslam_flirtlib/build/CMakeFiles/CMakeTmp'
Makefile:126: recipe for target 'cmTC_5227b/fast' failed
make: *** [cmTC_5227b/fast] Error 2

File /home/hong/catkin_ws/src/radar_localization/Thirdparty/openslam_flirtlib/build/CMakeFiles/CMakeTmp/CheckSymbolExists.cxx:
/* */
#include <QtCore/qglobal.h>

int main(int argc, char** argv)
{
  (void)argv;
#ifndef Q_WS_MAC
  return ((int*)(&Q_WS_MAC))[argc];
#else
  (void)argc;
  return 0;
#endif
}

